0 info it worked if it ends with ok
1 verbose cli [ 'E:\\FUTURATOR_BASE\\nodejs\\node.exe',
1 verbose cli   'E:\\FUTURATOR_BASE\\nodejs\\node_modules\\npm\\bin\\npm-cli.js',
1 verbose cli   'start' ]
2 info using npm@3.10.8
3 info using node@v6.9.1
4 verbose run-script [ 'prestart', 'start', 'poststart' ]
5 info lifecycle test1@1.0.0~prestart: test1@1.0.0
6 silly lifecycle test1@1.0.0~prestart: no script for prestart, continuing
7 info lifecycle test1@1.0.0~start: test1@1.0.0
8 verbose lifecycle test1@1.0.0~start: unsafe-perm in lifecycle true
9 verbose lifecycle test1@1.0.0~start: PATH: E:\FUTURATOR_BASE\nodejs\node_modules\npm\bin\node-gyp-bin;E:\FUTURATOR_BASE\projects\travelplay\node_modules\.bin;C:\ProgramData\Oracle\Java\javapath;C:\Windows\system32;C:\Windows;C:\Windows\System32\Wbem;C:\Windows\System32\WindowsPowerShell\v1.0\;C:\Program Files (x86)\NVIDIA Corporation\PhysX\Common;C:\Program Files (x86)\Skype\Phone\;E:\Program Files\maven\bin;C:\WINDOWS\system32;C:\WINDOWS;C:\WINDOWS\System32\Wbem;C:\WINDOWS\System32\WindowsPowerShell\v1.0\;C:\WINDOWS\system32\config\systemprofile\.dnx\bin;C:\Program Files\Microsoft DNX\Dnvm\;C:\Program Files\Microsoft SQL Server\130\Tools\Binn\;C:\Program Files\nodejs\;C:\Program Files (x86)\Windows Kits\10\Windows Performance Toolkit\;C:\Program Files (x86)\Microsoft Emulator Manager\1.0\;C:\Program Files\Git\cmd;E:\FUTURATOR_BASE\nodejs\;C:\Users\Tel\AppData\Local\Programs\Python\Python35\Scripts\;C:\Users\Tel\AppData\Local\Programs\Python\Python35\;C:\Users\Tel\AppData\Roaming\npm;C:\Users\Tel\AppData\Local\Microsoft\WindowsApps;E:\FUTURATOR_BASE\phantomjs\bin;E:\FUTURATOR_BASE\nodejs;E:\FUTURATOR_BASE\mongo\bin;E:\Microsoft VS Code\bin
10 verbose lifecycle test1@1.0.0~start: CWD: E:\FUTURATOR_BASE\projects\travelplay
11 silly lifecycle test1@1.0.0~start: Args: [ '/d /s /c', 'nodemon index.js' ]
12 verbose stack Error: kill ENOSYS
12 verbose stack     at exports._errnoException (util.js:1026:11)
12 verbose stack     at process.kill (internal/process.js:172:13)
12 verbose stack     at process.listener (E:\FUTURATOR_BASE\nodejs\node_modules\npm\node_modules\npmlog\node_modules\gauge\node_modules\signal-exit\index.js:86:15)
12 verbose stack     at emitNone (events.js:91:20)
12 verbose stack     at process.emit (events.js:185:7)
12 verbose stack     at processEmit (E:\FUTURATOR_BASE\nodejs\node_modules\npm\node_modules\npmlog\node_modules\gauge\node_modules\signal-exit\index.js:146:32)
12 verbose stack     at processEmit (E:\FUTURATOR_BASE\nodejs\node_modules\npm\node_modules\npm-registry-client\node_modules\npmlog\node_modules\gauge\node_modules\signal-exit\index.js:146:32)
12 verbose stack     at Signal.wrap.onsignal (internal/process.js:199:44)
13 verbose cwd E:\FUTURATOR_BASE\projects\travelplay
14 error Windows_NT 10.0.14393
15 error argv "E:\\FUTURATOR_BASE\\nodejs\\node.exe" "E:\\FUTURATOR_BASE\\nodejs\\node_modules\\npm\\bin\\npm-cli.js" "start"
16 error node v6.9.1
17 error npm  v3.10.8
18 error code ENOSYS
19 error errno ENOSYS
20 error syscall kill
21 error kill ENOSYS
22 error If you need help, you may report this error at:
22 error     <https://github.com/npm/npm/issues>
23 verbose exit [ 1, true ]
